<?xml version="1.0" encoding="UTF-8"?>
<testng-results ignored="0" total="1" passed="1" failed="0" skipped="0">
  <reporter-output>
  </reporter-output>
  <suite started-at="2024-02-20T18:58:15 IST" name="Suite" finished-at="2024-02-20T18:59:24 IST" duration-ms="68553">
    <groups>
    </groups>
    <test started-at="2024-02-20T18:58:15 IST" name="Test" finished-at="2024-02-20T18:59:24 IST" duration-ms="68553">
      <class name="testcases.LoginTest">
        <test-method is-config="true" signature="SetupBrowser()[pri:0, instance:testcases.LoginTest@45a4b042]" started-at="2024-02-20T18:58:15 IST" name="SetupBrowser" finished-at="2024-02-20T18:59:18 IST" duration-ms="63160" status="PASS">
          <reporter-output>
          </reporter-output>
        </test-method> <!-- SetupBrowser -->
        <test-method signature="loginToApp(java.lang.String, java.lang.String)[pri:0, instance:testcases.LoginTest@45a4b042]" started-at="2024-02-20T18:59:21 IST" name="loginToApp" data-provider="LoginDetails" finished-at="2024-02-20T18:59:22 IST" duration-ms="653" status="PASS">
          <params>
            <param index="0">
              <value>
                <![CDATA[ineuron@ineuron.ai]]>
              </value>
            </param>
            <param index="1">
              <value>
                <![CDATA[ineuron]]>
              </value>
            </param>
          </params>
          <reporter-output>
          </reporter-output>
        </test-method> <!-- loginToApp -->
        <test-method is-config="true" signature="closeBrowser()[pri:0, instance:testcases.LoginTest@45a4b042]" started-at="2024-02-20T18:59:22 IST" name="closeBrowser" finished-at="2024-02-20T18:59:24 IST" duration-ms="1609" status="PASS">
          <reporter-output>
          </reporter-output>
        </test-method> <!-- closeBrowser -->
      </class> <!-- testcases.LoginTest -->
    </test> <!-- Test -->
  </suite> <!-- Suite -->
</testng-results>
