<?xml version="1.0" encoding="UTF-8"?>
<testng-results ignored="0" total="1" passed="1" failed="0" skipped="0">
  <reporter-output>
  </reporter-output>
  <suite started-at="2024-02-01T20:42:07 IST" name="Suite" finished-at="2024-02-01T20:42:25 IST" duration-ms="18504">
    <groups>
    </groups>
    <test started-at="2024-02-01T20:42:07 IST" name="Test" finished-at="2024-02-01T20:42:25 IST" duration-ms="18504">
      <class name="testcases.LoginTest">
        <test-method is-config="true" signature="SetupBrowser()[pri:0, instance:testcases.LoginTest@2766ca9d]" started-at="2024-02-01T20:42:07 IST" name="SetupBrowser" finished-at="2024-02-01T20:42:23 IST" duration-ms="16725" status="PASS">
          <reporter-output>
          </reporter-output>
        </test-method> <!-- SetupBrowser -->
        <test-method signature="loginToApp(java.lang.String,java.lang.String)[pri:0, instance:testcases.LoginTest@2766ca9d]" started-at="2024-02-01T20:42:24 IST" name="loginToApp" data-provider="LoginDetails" finished-at="2024-02-01T20:42:25 IST" duration-ms="438" status="PASS">
          <params>
            <param index="0">
              <value>
                <![CDATA[ineuron@ineuron.ai]]>
              </value>
            </param>
            <param index="1">
              <value>
                <![CDATA[ineuron]]>
              </value>
            </param>
          </params>
          <reporter-output>
          </reporter-output>
        </test-method> <!-- loginToApp -->
        <test-method is-config="true" signature="closeBrowser()[pri:0, instance:testcases.LoginTest@2766ca9d]" started-at="2024-02-01T20:42:25 IST" name="closeBrowser" finished-at="2024-02-01T20:42:25 IST" duration-ms="391" status="PASS">
          <reporter-output>
          </reporter-output>
        </test-method> <!-- closeBrowser -->
      </class> <!-- testcases.LoginTest -->
    </test> <!-- Test -->
  </suite> <!-- Suite -->
</testng-results>
